<?xml version="1.0" encoding="UTF-8"?>
<!-- Generated by org.testng.reporters.JUnitXMLReporter -->
<testsuite ignored="0" hostname="LAPTOP-IL8TFG41" failures="0" tests="14" name="Test" time="2.593" errors="0" timestamp="2021-07-15T17:26:56 IST">
  <testcase classname="TestCases.ReadWriteExcel" name="@BeforeTest TestSetup" time="2.085">
    <failure type="org.openqa.selenium.WebDriverException" message="Cannot find firefox binary in PATH. Make sure firefox is installed. OS appears to be: WIN10
Build info: version: &amp;apos;3.141.59&amp;apos;, revision: &amp;apos;e82be7d358&amp;apos;, time: &amp;apos;2018-11-14T08:17:03&amp;apos;
System info: host: &amp;apos;LAPTOP-IL8TFG41&amp;apos;, ip: &amp;apos;192.168.1.2&amp;apos;, os.name: &amp;apos;Windows 10&amp;apos;, os.arch: &amp;apos;amd64&amp;apos;, os.version: &amp;apos;10.0&amp;apos;, java.version: &amp;apos;16.0.1&amp;apos;
Driver info: driver.version: FirefoxDriver">
      <![CDATA[org.openqa.selenium.WebDriverException: Cannot find firefox binary in PATH. Make sure firefox is installed. OS appears to be: WIN10
Build info: version: '3.141.59', revision: 'e82be7d358', time: '2018-11-14T08:17:03'
System info: host: 'LAPTOP-IL8TFG41', ip: '192.168.1.2', os.name: 'Windows 10', os.arch: 'amd64', os.version: '10.0', java.version: '16.0.1'
Driver info: driver.version: FirefoxDriver
at org.openqa.selenium.firefox.FirefoxBinary.<init>(FirefoxBinary.java:100)
at java.base/java.util.Optional.orElseGet(Optional.java:364)
at org.openqa.selenium.firefox.FirefoxOptions.getBinary(FirefoxOptions.java:216)
at org.openqa.selenium.firefox.FirefoxDriver.toExecutor(FirefoxDriver.java:187)
at org.openqa.selenium.firefox.FirefoxDriver.<init>(FirefoxDriver.java:147)
at org.openqa.selenium.firefox.FirefoxDriver.<init>(FirefoxDriver.java:125)
at TestCases.ReadWriteExcel.TestSetup(ReadWriteExcel.java:38)
... Removed 24 stack frames]]>
    </failure>
  </testcase> <!-- @BeforeTest TestSetup -->
  <testcase classname="TestCases.readexceldata" name="@BeforeTest TestSetup" time="-1.626350216059E9">
    <skipped/>
  </testcase> <!-- @BeforeTest TestSetup -->
  <testcase classname="Utility.BaseClass" name="@BeforeClass Setup" time="-1.626350216118E9">
    <skipped/>
  </testcase> <!-- @BeforeClass Setup -->
  <testcase classname="Utility.BaseClass" name="@AfterClass Quit" time="-1.626350216127E9">
    <skipped/>
  </testcase> <!-- @AfterClass Quit -->
  <testcase classname="DDT_Library.GuruLogin" name="Login" time="0.0">
    <skipped/>
  </testcase> <!-- Login -->
  <testcase classname="TestCases.ReadWriteExcel" name="ReadData" time="0.0">
    <skipped/>
  </testcase> <!-- ReadData -->
  <testcase classname="TestCases.Login" name="LoginToApplication" time="0.0">
    <skipped/>
  </testcase> <!-- LoginToApplication -->
  <testcase classname="DDT_Library.GuruLoginDataDriven" name="LoginTo" time="0.0">
    <skipped/>
  </testcase> <!-- LoginTo -->
  <testcase classname="DDT_Library.GuruLoginDataDriven" name="LoginTo" time="0.0">
    <skipped/>
  </testcase> <!-- LoginTo -->
  <testcase classname="DDT_Library.GuruLoginDataDriven" name="LoginTo" time="0.0">
    <skipped/>
  </testcase> <!-- LoginTo -->
  <testcase classname="DDT_Library.test123" name="f" time="0.001">
    <skipped/>
  </testcase> <!-- f -->
  <testcase classname="JSONDataDriven.DDJSON" name="Login" time="0.0">
    <skipped/>
  </testcase> <!-- Login -->
  <testcase classname="JSONDataDriven.DDJSON" name="Login" time="0.0">
    <skipped/>
  </testcase> <!-- Login -->
  <testcase classname="JSONDataDriven.DDJSON" name="Login" time="0.0">
    <skipped/>
  </testcase> <!-- Login -->
  <testcase classname="TestCases.readexceldata" name="ReadData" time="0.0">
    <skipped/>
  </testcase> <!-- ReadData -->
  <testcase classname="DDT_Library.GuruLoginDataDriven2" name="LoginTo" time="0.0">
    <skipped/>
  </testcase> <!-- LoginTo -->
  <testcase classname="DDT_Library.GuruLoginDataDriven2" name="LoginTo" time="0.0">
    <skipped/>
  </testcase> <!-- LoginTo -->
  <testcase classname="DDT_Library.GuruLoginDataDriven2" name="LoginTo" time="0.0">
    <skipped/>
  </testcase> <!-- LoginTo -->
</testsuite> <!-- Test -->
